<?xml version="1.0" encoding="UTF-8"?>
<testng-results ignored="0" total="1" passed="1" failed="0" skipped="0">
  <reporter-output>
  </reporter-output>
  <suite started-at="2019-03-15T16:47:22 CET" name="Command line suite" finished-at="2019-03-15T16:47:45 CET" duration-ms="23773">
    <groups>
    </groups>
    <test started-at="2019-03-15T16:47:22 CET" name="Command line test" finished-at="2019-03-15T16:47:45 CET" duration-ms="23773">
      <class name="com.travelers.tests.SearchHotelTest">
        <test-method is-config="true" signature="setUp()[pri:0, instance:com.travelers.tests.SearchHotelTest@708f5957]" started-at="2019-03-15T16:47:22 CET" name="setUp" finished-at="2019-03-15T16:47:37 CET" duration-ms="15316" status="PASS">
          <reporter-output>
          </reporter-output>
        </test-method> <!-- setUp -->
        <test-method signature="searchHotelTest()[pri:0, instance:com.travelers.tests.SearchHotelTest@708f5957]" started-at="2019-03-15T16:47:37 CET" name="searchHotelTest" finished-at="2019-03-15T16:47:45 CET" duration-ms="8374" status="PASS">
          <reporter-output>
          </reporter-output>
        </test-method> <!-- searchHotelTest -->
        <test-method is-config="true" signature="tearDown()[pri:0, instance:com.travelers.tests.SearchHotelTest@708f5957]" started-at="2019-03-15T16:47:45 CET" name="tearDown" finished-at="2019-03-15T16:47:45 CET" duration-ms="0" status="PASS">
          <reporter-output>
          </reporter-output>
        </test-method> <!-- tearDown -->
      </class> <!-- com.travelers.tests.SearchHotelTest -->
    </test> <!-- Command line test -->
  </suite> <!-- Command line suite -->
</testng-results>
